<?xml version="1.0" encoding="UTF-8"?>
<!-- Generated by org.testng.reporters.JUnitReportReporter -->
<testsuite hostname="inspiron15" failures="0" tests="1" name="script.Tesst2" time="14.181" errors="0" timestamp="22 Jun 2023 10:01:30 GMT" skipped="0">
  <testcase classname="script.Tesst2" name="test1" time="14.181"/>
</testsuite> <!-- script.Tesst2 -->
