<?xml version="1.0" encoding="UTF-8"?>
<!-- Generated by org.testng.reporters.JUnitReportReporter -->
<testsuite hostname="inspiron15" failures="0" tests="1" name="script.Tesst1" time="15.543" errors="0" timestamp="23 Jun 2023 17:43:31 GMT" skipped="0">
  <testcase classname="script.Tesst1" name="test1" time="15.543"/>
</testsuite> <!-- script.Tesst1 -->
